<?xml version="1.0" encoding="UTF-8"?>
<coverage generated="1528219965230" clover="3.2.0">
  <project timestamp="1528219965230" name="All files">
    <metrics statements="11" coveredstatements="11" conditionals="6" coveredconditionals="6" methods="1" coveredmethods="1" elements="18" coveredelements="18" complexity="0" loc="11" ncloc="11" packages="1" files="1" classes="1">
      <file name="multi-bracket-validation.js" path="/Users/jen/codefellows/401/data-structures-and-alogrithm/stacks-and-queues/multi-bracket-validation.js">
        <metrics statements="11" coveredstatements="11" conditionals="6" coveredconditionals="6" methods="1" coveredmethods="1"/>
        <line num="2" count="3" type="stmt"/>
        <line num="3" count="3" type="stmt"/>
        <line num="4" count="3" type="stmt"/>
        <line num="6" count="3" type="stmt"/>
        <line num="7" count="19" type="stmt"/>
        <line num="8" count="19" type="cond" truecount="2" falsecount="0"/>
        <line num="9" count="8" type="stmt"/>
        <line num="10" count="11" type="cond" truecount="2" falsecount="0"/>
        <line num="11" count="7" type="cond" truecount="2" falsecount="0"/>
        <line num="15" count="2" type="stmt"/>
        <line num="18" count="1" type="stmt"/>
      </file>
    </metrics>
  </project>
</coverage>
