{"/Users/jen/codefellows/401/data-structures-and-alogrithm/sort/mergesort/mergesort.js": {"path":"/Users/jen/codefellows/401/data-structures-and-alogrithm/sort/mergesort/mergesort.js","statementMap":{"0":{"start":{"line":2,"column":2},"end":{"line":4,"column":3}},"1":{"start":{"line":3,"column":4},"end":{"line":3,"column":16}},"2":{"start":{"line":6,"column":15},"end":{"line":6,"column":43}},"3":{"start":{"line":7,"column":13},"end":{"line":7,"column":35}},"4":{"start":{"line":8,"column":14},"end":{"line":8,"column":47}},"5":{"start":{"line":10,"column":2},"end":{"line":10,"column":50}},"6":{"start":{"line":15,"column":15},"end":{"line":15,"column":17}},"7":{"start":{"line":17,"column":2},"end":{"line":23,"column":3}},"8":{"start":{"line":18,"column":4},"end":{"line":22,"column":5}},"9":{"start":{"line":19,"column":6},"end":{"line":19,"column":32}},"10":{"start":{"line":21,"column":6},"end":{"line":21,"column":33}},"11":{"start":{"line":24,"column":2},"end":{"line":25,"column":30}},"12":{"start":{"line":25,"column":4},"end":{"line":25,"column":30}},"13":{"start":{"line":26,"column":2},"end":{"line":27,"column":31}},"14":{"start":{"line":27,"column":4},"end":{"line":27,"column":31}},"15":{"start":{"line":29,"column":2},"end":{"line":29,"column":16}},"16":{"start":{"line":32,"column":0},"end":{"line":32,"column":27}}},"fnMap":{"0":{"name":"mergeSort","decl":{"start":{"line":1,"column":9},"end":{"line":1,"column":18}},"loc":{"start":{"line":1,"column":25},"end":{"line":12,"column":1}},"line":1},"1":{"name":"merge","decl":{"start":{"line":14,"column":9},"end":{"line":14,"column":14}},"loc":{"start":{"line":14,"column":28},"end":{"line":30,"column":1}},"line":14}},"branchMap":{"0":{"loc":{"start":{"line":2,"column":2},"end":{"line":4,"column":3}},"type":"if","locations":[{"start":{"line":2,"column":2},"end":{"line":4,"column":3}},{"start":{"line":2,"column":2},"end":{"line":4,"column":3}}],"line":2},"1":{"loc":{"start":{"line":17,"column":9},"end":{"line":17,"column":36}},"type":"binary-expr","locations":[{"start":{"line":17,"column":9},"end":{"line":17,"column":20}},{"start":{"line":17,"column":24},"end":{"line":17,"column":36}}],"line":17},"2":{"loc":{"start":{"line":18,"column":4},"end":{"line":22,"column":5}},"type":"if","locations":[{"start":{"line":18,"column":4},"end":{"line":22,"column":5}},{"start":{"line":18,"column":4},"end":{"line":22,"column":5}}],"line":18}},"s":{"0":15,"1":9,"2":6,"3":6,"4":6,"5":6,"6":6,"7":6,"8":13,"9":6,"10":7,"11":6,"12":3,"13":6,"14":4,"15":6,"16":1},"f":{"0":15,"1":6},"b":{"0":[9,6],"1":[19,16],"2":[6,7]},"_coverageSchema":"332fd63041d2c1bcb487cc26dd0d5f7d97098a6c","hash":"8de3d507a676569a00d96108b50e6ebf4986d68f"}
}
