TN:
SF:/Users/jen/codefellows/401/data-structures-and-alogrithm/sort/radixSort/radixSort.js
FN:3,radixSort
FN:32,sortByDigit
FNF:2
FNH:2
FNDA:3,radixSort
FNDA:6,sortByDigit
DA:4,3
DA:5,0
DA:8,3
DA:11,3
DA:12,3
DA:13,3
DA:14,10
DA:15,0
DA:16,10
DA:17,4
DA:22,3
DA:23,3
DA:24,6
DA:26,6
DA:29,3
DA:35,6
DA:36,6
DA:39,6
DA:40,60
DA:44,6
DA:45,38
DA:46,38
DA:50,6
DA:51,54
DA:55,6
DA:56,38
DA:57,38
DA:61,6
DA:62,38
DA:65,6
DA:68,1
LF:31
LH:29
BRDA:4,0,0,0
BRDA:4,0,1,3
BRDA:14,1,0,0
BRDA:14,1,1,10
BRDA:16,2,0,4
BRDA:16,2,1,6
BRF:6
BRH:4
end_of_record
