TN:
SF:/Users/jen/codefellows/401/data-structures-and-alogrithm/stacks-and-queues/multi-bracket-validation/multi-bracket-validation.js
FN:1,balancedBraces
FNF:1
FNH:1
FNDA:3,balancedBraces
DA:2,3
DA:3,3
DA:4,3
DA:6,3
DA:7,19
DA:8,19
DA:9,8
DA:10,11
DA:11,7
DA:15,2
DA:18,1
LF:11
LH:11
BRDA:8,0,0,8
BRDA:8,0,1,11
BRDA:10,1,0,7
BRDA:10,1,1,4
BRDA:11,2,0,1
BRDA:11,2,1,6
BRF:6
BRH:6
end_of_record
TN:
SF:/Users/jen/codefellows/401/data-structures-and-alogrithm/stacks-and-queues/queue/queue-with-stacks.js
FN:6,enqueue
FN:10,dequeue
FNF:2
FNH:0
FNDA:0,enqueue
FNDA:0,dequeue
DA:3,1
DA:4,1
DA:7,0
DA:11,0
DA:12,0
DA:13,0
DA:14,0
DA:15,0
DA:18,0
DA:21,1
DA:22,1
LF:11
LH:4
BRDA:11,0,0,0
BRDA:11,0,1,0
BRDA:12,1,0,0
BRDA:12,1,1,0
BRF:4
BRH:0
end_of_record
